$$$$$$ default value $$$$$$$
    0.4950    0.3480    0.1150

Elapsed time is 269.932917 seconds.
initialisation time
Elapsed time is 0.000746 seconds.
time taken
------------------ITERATION
     1

----------------------------
falsify
Eval objective function on 12 initial parameters.
#calls (max:  100)        time spent (max: 180)     [current  obj]     (current best) 
         2                        4.4               [-4.31207e-02]    (-4.31207e-02)

 ---- Best value -0.0431207 found with
        theta_ref_u0 = 1

Falsified with obj = -0.0431207
falsify
Eval objective function on 12 initial parameters.
#calls (max:  100)        time spent (max: 180)     [current  obj]     (current best) 
        10                        3.3               [+5.47696e-02]    (+2.53932e-02)

Starting local optimization using Nelder-Mead algorithm
#calls (max:  100)        time spent (max: 180)     [current  obj]     (current best) 
        20                        5.4               [+2.53939e-02]    (+2.53932e-02)
        30                        6.6               [+2.53932e-02]    (+2.53932e-02)
        40                        7.7               [+2.53932e-02]    (+2.53932e-02)
        50                        9.5               [+2.76985e-02]    (+2.53932e-02)
        60                       11.7               [+2.53933e-02]    (+2.53932e-02)
        70                       13.7               [+2.53932e-02]    (+2.53932e-02)
        80                       16.7               [+2.53932e-02]    (+2.53932e-02)
        90                       19.2               [+3.43023e-02]    (+2.53932e-02)
       100                       21.5               [+2.53936e-02]    (+2.53932e-02)

 ---- Best value 0.0253932 found with
        theta_ref_u0 = 1

No falsifying trace found.
*************************************************
 the controller is synthesized in 1iterations
 the final value of the parameters is 
    0.4950    0.5220    0.1150

*************************************************
Elapsed time is 140.565643 seconds.
time for Whole CS Algo
