$$$$$$ default value $$$$$$$
    0.0003    2.7718

------------------ITERATION
     1

----------------------------
Eval objective function on 12 initial parameters.
#calls (max:  100)        time spent (max: 180)     [current  obj]     (current best) 
         1                        1.0               [-1.21041e+02]    (-1.21041e+02)

 ---- Best value -121.041 found with
        az_ref_u0 = 180

Falsified with obj = -121.041
Eval objective function on 12 initial parameters.
#calls (max:  100)        time spent (max: 180)     [current  obj]     (current best) 
         1                        0.8               [-2.82946e+01]    (-2.82946e+01)

 ---- Best value -28.2946 found with
        az_ref_u0 = 180

Falsified with obj = -28.2946
Eval objective function on 12 initial parameters.
#calls (max:  100)        time spent (max: 180)     [current  obj]     (current best) 
         1                        0.9               [-1.73450e+02]    (-1.73450e+02)

 ---- Best value -173.45 found with
        az_ref_u0 = 180

Falsified with obj = -173.45
****************************************
****************************************
****************************************
****************************************
pval is :
    0.0006    2.7718

phi_settle
Eval objective function on 12 initial parameters.
#calls (max:  100)        time spent (max: 180)     [current  obj]     (current best) 
         1                        0.7               [-5.55723e-02]    (-5.55723e-02)

 ---- Best value -0.0555723 found with
        az_ref_u0 = 180

Falsified with obj = -0.0555723
phi_rise
Eval objective function on 12 initial parameters.
#calls (max:  100)        time spent (max: 180)     [current  obj]     (current best) 
        10                        4.5               [+4.18406e+01]    (+4.02703e+01)

Starting local optimization using Nelder-Mead algorithm
#calls (max:  100)        time spent (max: 180)     [current  obj]     (current best) 
        20                        7.0               [+4.02703e+01]    (+4.02703e+01)
        30                        8.8               [+4.02703e+01]    (+4.02703e+01)
        40                       10.7               [+4.02703e+01]    (+4.02703e+01)
        50                       13.9               [+4.02703e+01]    (+4.02703e+01)
        60                       17.1               [+4.02703e+01]    (+4.02703e+01)
        70                       20.4               [+4.02703e+01]    (+4.02703e+01)
        80                       23.5               [+4.06057e+01]    (+4.02703e+01)
        90                       26.6               [+4.02709e+01]    (+4.02703e+01)
       100                       29.8               [+4.02703e+01]    (+4.02703e+01)

 ---- Best value 40.2703 found with
        az_ref_u0 = 180

No falsifying trace found.
phi_conv
Eval objective function on 12 initial parameters.
#calls (max:  100)        time spent (max: 180)     [current  obj]     (current best) 
         2                        1.9               [-4.15561e-01]    (-4.15561e-01)

 ---- Best value -0.415561 found with
        az_ref_u0 = 200

Falsified with obj = -0.415561
phi_spike
Eval objective function on 12 initial parameters.
#calls (max:  100)        time spent (max: 180)     [current  obj]     (current best) 
         1                        0.8               [-1.73450e+02]    (-1.73450e+02)

 ---- Best value -173.45 found with
        az_ref_u0 = 180

Falsified with obj = -173.45
pval_best
max+spec_count 
     1

maximum weight is 
     2

****************************************
****************************************
****************************************
****************************************
Eval objective function on 12 initial parameters.
#calls (max:  100)        time spent (max: 180)     [current  obj]     (current best) 
         1                        0.8               [-1.73450e+02]    (-1.73450e+02)

 ---- Best value -173.45 found with
        az_ref_u0 = 180

Falsified with obj = -173.45
join: BrFalse_Robust_all.csv:151: is not sorted: 17.9,0.038406
join: BrFalse.csv:1001: is not sorted: 10,0.17878,0.1071
     1     2

*******************************************
 index chosen is 1
*******************************************
------------------ITERATION
     3

----------------------------
Eval objective function on 12 initial parameters.
#calls (max:  100)        time spent (max: 180)     [current  obj]     (current best) 
         1                        0.8               [-5.64934e+01]    (-5.64934e+01)

 ---- Best value -56.4934 found with
        az_ref_u0 = 180

Falsified with obj = -56.4934
Eval objective function on 12 initial parameters.
#calls (max:  100)        time spent (max: 180)     [current  obj]     (current best) 
         1                        0.8               [-5.89987e+02]    (-5.89987e+02)

 ---- Best value -589.987 found with
        az_ref_u0 = 180

Falsified with obj = -589.987
Eval objective function on 12 initial parameters.
#calls (max:  100)        time spent (max: 180)     [current  obj]     (current best) 
         1                        0.8               [-1.14314e+02]    (-1.14314e+02)

 ---- Best value -114.314 found with
        az_ref_u0 = 180

Falsified with obj = -114.314
****************************************
****************************************
****************************************
****************************************
pval is :
    0.0002    2.7718

phi_settle
Eval objective function on 12 initial parameters.
#calls (max:  100)        time spent (max: 180)     [current  obj]     (current best) 
         1                        0.7               [-1.12333e+00]    (-1.12333e+00)

 ---- Best value -1.12333 found with
        az_ref_u0 = 180

Falsified with obj = -1.12333
phi_rise
Eval objective function on 12 initial parameters.
#calls (max:  100)        time spent (max: 180)     [current  obj]     (current best) 
         1                        0.7               [-1.14314e+02]    (-1.14314e+02)

 ---- Best value -114.314 found with
        az_ref_u0 = 180

Falsified with obj = -114.314
phi_conv
Eval objective function on 12 initial parameters.
#calls (max:  100)        time spent (max: 180)     [current  obj]     (current best) 
         1                        0.7               [-1.28059e-01]    (-1.28059e-01)

 ---- Best value -0.128059 found with
        az_ref_u0 = 180

Falsified with obj = -0.128059
phi_spike
Eval objective function on 12 initial parameters.
#calls (max:  100)        time spent (max: 180)     [current  obj]     (current best) 
         1                        0.7               [-1.00434e-02]    (-1.00434e-02)

 ---- Best value -0.0100434 found with
        az_ref_u0 = 180

Falsified with obj = -0.0100434
max+spec_count 
     1

maximum weight is 
     2

****************************************
****************************************
****************************************
****************************************
Eval objective function on 12 initial parameters.
#calls (max:  100)        time spent (max: 180)     [current  obj]     (current best) 
         1                        0.8               [-1.14314e+02]    (-1.14314e+02)

 ---- Best value -114.314 found with
        az_ref_u0 = 180

Falsified with obj = -114.314
join: BrFalse.csv:1001: is not sorted: 10,0.17858,0.10008
     1     2

*******************************************
 index chosen is 1
*******************************************
------------------ITERATION
     5

----------------------------
Eval objective function on 12 initial parameters.
#calls (max:  100)        time spent (max: 180)     [current  obj]     (current best) 
         1                        0.8               [-1.44467e+02]    (-1.44467e+02)

 ---- Best value -144.467 found with
        az_ref_u0 = 180

Falsified with obj = -144.467
Eval objective function on 12 initial parameters.
#calls (max:  100)        time spent (max: 180)     [current  obj]     (current best) 
         1                        0.8               [-8.49372e+01]    (-8.49372e+01)

 ---- Best value -84.9372 found with
        az_ref_u0 = 180

Falsified with obj = -84.9372
Eval objective function on 12 initial parameters.
#calls (max:  100)        time spent (max: 180)     [current  obj]     (current best) 
         1                        0.8               [-4.31183e+01]    (-4.31183e+01)

 ---- Best value -43.1183 found with
        az_ref_u0 = 180

Falsified with obj = -43.1183
Eval objective function on 12 initial parameters.
#calls (max:  100)        time spent (max: 180)     [current  obj]     (current best) 
         1                        0.8               [-9.20367e+01]    (-9.20367e+01)

 ---- Best value -92.0367 found with
        az_ref_u0 = 180

Falsified with obj = -92.0367
****************************************
****************************************
****************************************
****************************************
pval is :
    0.0005    2.7718

phi_settle
Eval objective function on 12 initial parameters.
#calls (max:  100)        time spent (max: 180)     [current  obj]     (current best) 
        10                        4.4               [+1.15961e-02]    (+7.76445e-03)

Starting local optimization using Nelder-Mead algorithm
#calls (max:  100)        time spent (max: 180)     [current  obj]     (current best) 
        20                        6.9               [+7.76779e-03]    (+7.76445e-03)
        30                        8.6               [+7.76446e-03]    (+7.76445e-03)
        40                       10.3               [+7.76445e-03]    (+7.76445e-03)
        50                       12.9               [+7.76445e-03]    (+7.76445e-03)
        60                       15.6               [+7.76445e-03]    (+7.76445e-03)
        70                       18.8               [+7.76445e-03]    (+7.76445e-03)
        80                       21.9               [+1.10247e-02]    (+7.76445e-03)
        90                       24.5               [+1.09500e-02]    (+7.76445e-03)
       100                       27.1               [+1.09475e-02]    (+7.76445e-03)

 ---- Best value 0.00776445 found with
        az_ref_u0 = 200

No falsifying trace found.
phi_rise
Eval objective function on 12 initial parameters.
#calls (max:  100)        time spent (max: 180)     [current  obj]     (current best) 
        10                        4.4               [+1.30683e+01]    (+1.27901e+01)

Starting local optimization using Nelder-Mead algorithm
#calls (max:  100)        time spent (max: 180)     [current  obj]     (current best) 
        20                        6.7               [+1.27901e+01]    (+1.27901e+01)
        30                        8.5               [+1.27901e+01]    (+1.27901e+01)
        40                       10.3               [+1.27901e+01]    (+1.27901e+01)
        50                       13.4               [+1.27901e+01]    (+1.27901e+01)
        60                       17.3               [+1.27901e+01]    (+1.27901e+01)
        70                       20.5               [+1.27901e+01]    (+1.27901e+01)
        80                       23.7               [+1.28586e+01]    (+1.27901e+01)
        90                       26.9               [+1.27903e+01]    (+1.27901e+01)
       100                       30.0               [+1.27901e+01]    (+1.27901e+01)

 ---- Best value 12.7901 found with
        az_ref_u0 = 180

No falsifying trace found.
phi_conv
Eval objective function on 12 initial parameters.
#calls (max:  100)        time spent (max: 180)     [current  obj]     (current best) 
         2                        1.9               [-6.98215e-01]    (-6.98215e-01)

 ---- Best value -0.698215 found with
        az_ref_u0 = 200

Falsified with obj = -0.698215
phi_spike
Eval objective function on 12 initial parameters.
#calls (max:  100)        time spent (max: 180)     [current  obj]     (current best) 
         1                        0.7               [-9.20367e+01]    (-9.20367e+01)

 ---- Best value -92.0367 found with
        az_ref_u0 = 180

Falsified with obj = -92.0367
pval_best
max+spec_count 
     2

maximum weight is 
     3

****************************************
****************************************
****************************************
****************************************
Eval objective function on 12 initial parameters.
#calls (max:  100)        time spent (max: 180)     [current  obj]     (current best) 
         1                        0.7               [-9.20367e+01]    (-9.20367e+01)

 ---- Best value -92.0367 found with
        az_ref_u0 = 180

Falsified with obj = -92.0367
join: BrFalse_Robust_all.csv:367: is not sorted: 20,0.31363
join: BrFalse.csv:1001: is not sorted: 10,0.17875,0.10658
     1     2

*******************************************
 index chosen is 1
*******************************************
------------------ITERATION
     8

----------------------------
Eval objective function on 12 initial parameters.
#calls (max:  100)        time spent (max: 180)     [current  obj]     (current best) 
         1                        0.8               [-7.40205e+01]    (-7.40205e+01)

 ---- Best value -74.0205 found with
        az_ref_u0 = 180

Falsified with obj = -74.0205
Eval objective function on 12 initial parameters.
#calls (max:  100)        time spent (max: 180)     [current  obj]     (current best) 
         1                        0.8               [-3.66239e+02]    (-3.66239e+02)

 ---- Best value -366.239 found with
        az_ref_u0 = 180

Falsified with obj = -366.239
Eval objective function on 12 initial parameters.
#calls (max:  100)        time spent (max: 180)     [current  obj]     (current best) 
         1                        0.8               [-1.23881e+02]    (-1.23881e+02)

 ---- Best value -123.881 found with
        az_ref_u0 = 180

Falsified with obj = -123.881
****************************************
****************************************
****************************************
****************************************
pval is :
    0.0001    2.7718

phi_settle
Eval objective function on 12 initial parameters.
#calls (max:  100)        time spent (max: 180)     [current  obj]     (current best) 
         1                        0.7               [-1.73896e+00]    (-1.73896e+00)

 ---- Best value -1.73896 found with
        az_ref_u0 = 180

Falsified with obj = -1.73896
phi_rise
Eval objective function on 12 initial parameters.
#calls (max:  100)        time spent (max: 180)     [current  obj]     (current best) 
         1                        0.7               [-1.23881e+02]    (-1.23881e+02)

 ---- Best value -123.881 found with
        az_ref_u0 = 180

Falsified with obj = -123.881
phi_conv
Eval objective function on 12 initial parameters.
#calls (max:  100)        time spent (max: 180)     [current  obj]     (current best) 
         1                        0.8               [-4.01472e-01]    (-4.01472e-01)

 ---- Best value -0.401472 found with
        az_ref_u0 = 180

Falsified with obj = -0.401472
phi_spike
Eval objective function on 12 initial parameters.
#calls (max:  100)        time spent (max: 180)     [current  obj]     (current best) 
         1                        0.8               [-6.45123e-02]    (-6.45123e-02)

 ---- Best value -0.0645123 found with
        az_ref_u0 = 180

Falsified with obj = -0.0645123
max+spec_count 
     2

maximum weight is 
     3

****************************************
****************************************
****************************************
****************************************
Eval objective function on 12 initial parameters.
#calls (max:  100)        time spent (max: 180)     [current  obj]     (current best) 
         1                        0.8               [-1.23881e+02]    (-1.23881e+02)

 ---- Best value -123.881 found with
        az_ref_u0 = 180

Falsified with obj = -123.881
join: BrFalse.csv:1001: is not sorted: 10,0.17855,0.098459
     1     2

*******************************************
 index chosen is 1
*******************************************
------------------ITERATION
    10

----------------------------
Eval objective function on 12 initial parameters.
#calls (max:  100)        time spent (max: 180)     [current  obj]     (current best) 
         1                        0.8               [-1.49055e+02]    (-1.49055e+02)

 ---- Best value -149.055 found with
        az_ref_u0 = 180

Falsified with obj = -149.055
Eval objective function on 12 initial parameters.
#calls (max:  100)        time spent (max: 180)     [current  obj]     (current best) 
         1                        0.8               [-9.84900e+01]    (-9.84900e+01)

 ---- Best value -98.49 found with
        az_ref_u0 = 180

Falsified with obj = -98.49
Eval objective function on 12 initial parameters.
#calls (max:  100)        time spent (max: 180)     [current  obj]     (current best) 
         1                        0.8               [-6.22261e+01]    (-6.22261e+01)

 ---- Best value -62.2261 found with
        az_ref_u0 = 180

Falsified with obj = -62.2261
Eval objective function on 12 initial parameters.
#calls (max:  100)        time spent (max: 180)     [current  obj]     (current best) 
         1                        0.8               [-4.12412e+01]    (-4.12412e+01)

 ---- Best value -41.2412 found with
        az_ref_u0 = 180

Falsified with obj = -41.2412
Eval objective function on 12 initial parameters.
#calls (max:  100)        time spent (max: 180)     [current  obj]     (current best) 
         1                        0.8               [-2.17828e+02]    (-2.17828e+02)

 ---- Best value -217.828 found with
        az_ref_u0 = 180

Falsified with obj = -217.828
****************************************
****************************************
****************************************
****************************************
pval is :
    0.0007    2.7718

phi_settle
Eval objective function on 12 initial parameters.
#calls (max:  100)        time spent (max: 180)     [current  obj]     (current best) 
         1                        0.8               [-6.61811e-02]    (-6.61811e-02)

 ---- Best value -0.0661811 found with
        az_ref_u0 = 180

Falsified with obj = -0.0661811
phi_rise
Eval objective function on 12 initial parameters.
#calls (max:  100)        time spent (max: 180)     [current  obj]     (current best) 
        10                        4.4               [+5.37100e+01]    (+5.11712e+01)

Starting local optimization using Nelder-Mead algorithm
#calls (max:  100)        time spent (max: 180)     [current  obj]     (current best) 
        20                        6.8               [+5.11713e+01]    (+5.11712e+01)
        30                        8.7               [+5.11712e+01]    (+5.11712e+01)
        40                       10.5               [+5.11712e+01]    (+5.11712e+01)
        50                       13.8               [+5.11713e+01]    (+5.11712e+01)
        60                       17.1               [+5.11712e+01]    (+5.11712e+01)
        70                       20.4               [+5.11712e+01]    (+5.11712e+01)
        80                       23.6               [+5.15054e+01]    (+5.11712e+01)
        90                       26.8               [+5.11719e+01]    (+5.11712e+01)
       100                       30.0               [+5.11712e+01]    (+5.11712e+01)

 ---- Best value 51.1712 found with
        az_ref_u0 = 180

No falsifying trace found.
phi_conv
Eval objective function on 12 initial parameters.
#calls (max:  100)        time spent (max: 180)     [current  obj]     (current best) 
         2                        1.9               [-3.12991e-01]    (-3.12991e-01)

 ---- Best value -0.312991 found with
        az_ref_u0 = 200

Falsified with obj = -0.312991
phi_spike
Eval objective function on 12 initial parameters.
#calls (max:  100)        time spent (max: 180)     [current  obj]     (current best) 
         1                        0.8               [-2.17828e+02]    (-2.17828e+02)

 ---- Best value -217.828 found with
        az_ref_u0 = 180

Falsified with obj = -217.828
max+spec_count 
     2

maximum weight is 
     3

****************************************
****************************************
****************************************
****************************************
Eval objective function on 12 initial parameters.
#calls (max:  100)        time spent (max: 180)     [current  obj]     (current best) 
         1                        0.8               [-2.17828e+02]    (-2.17828e+02)

 ---- Best value -217.828 found with
        az_ref_u0 = 180

Falsified with obj = -217.828
join: BrFalse_Robust_all.csv:121: is not sorted: 17.89,0.039111
join: BrFalse.csv:1001: is not sorted: 10,0.1788,0.10729
     1     2

*******************************************
 index chosen is 1
*******************************************
------------------ITERATION
    14

----------------------------
Eval objective function on 12 initial parameters.
#calls (max:  100)        time spent (max: 180)     [current  obj]     (current best) 
         1                        0.8               [-4.91340e+01]    (-4.91340e+01)

 ---- Best value -49.134 found with
        az_ref_u0 = 180

Falsified with obj = -49.134
Eval objective function on 12 initial parameters.
#calls (max:  100)        time spent (max: 180)     [current  obj]     (current best) 
         1                        0.8               [-7.03323e+02]    (-7.03323e+02)

 ---- Best value -703.323 found with
        az_ref_u0 = 180

Falsified with obj = -703.323
Eval objective function on 12 initial parameters.
#calls (max:  100)        time spent (max: 180)     [current  obj]     (current best) 
         1                        0.7               [-1.10316e+02]    (-1.10316e+02)

 ---- Best value -110.316 found with
        az_ref_u0 = 180

Falsified with obj = -110.316
****************************************
****************************************
****************************************
****************************************
pval is :
    0.0002    2.7718

phi_settle
Eval objective function on 12 initial parameters.
#calls (max:  100)        time spent (max: 180)     [current  obj]     (current best) 
         1                        0.8               [-9.14593e-01]    (-9.14593e-01)

 ---- Best value -0.914593 found with
        az_ref_u0 = 180

Falsified with obj = -0.914593
phi_rise
Eval objective function on 12 initial parameters.
#calls (max:  100)        time spent (max: 180)     [current  obj]     (current best) 
         1                        0.9               [-1.10316e+02]    (-1.10316e+02)

 ---- Best value -110.316 found with
        az_ref_u0 = 180

Falsified with obj = -110.316
phi_conv
Eval objective function on 12 initial parameters.
#calls (max:  100)        time spent (max: 180)     [current  obj]     (current best) 
         1                        0.8               [-3.02120e-02]    (-3.02120e-02)

 ---- Best value -0.030212 found with
        az_ref_u0 = 180

Falsified with obj = -0.030212
phi_spike
Eval objective function on 12 initial parameters.
#calls (max:  100)        time spent (max: 180)     [current  obj]     (current best) 
         2                        1.8               [-1.87083e-01]    (-1.87083e-01)

 ---- Best value -0.187083 found with
        az_ref_u0 = 200

Falsified with obj = -0.187083
max+spec_count 
     2

maximum weight is 
     3

****************************************
****************************************
****************************************
****************************************
Eval objective function on 12 initial parameters.
#calls (max:  100)        time spent (max: 180)     [current  obj]     (current best) 
         1                        0.8               [-1.10316e+02]    (-1.10316e+02)

 ---- Best value -110.316 found with
        az_ref_u0 = 180

Falsified with obj = -110.316
join: BrFalse.csv:1001: is not sorted: 10,0.17859,0.10064
     1     2

*******************************************
 index chosen is 1
*******************************************
------------------ITERATION
    16

----------------------------
Eval objective function on 12 initial parameters.
#calls (max:  100)        time spent (max: 180)     [current  obj]     (current best) 
         1                        0.8               [-1.42490e+02]    (-1.42490e+02)

 ---- Best value -142.49 found with
        az_ref_u0 = 180

Falsified with obj = -142.49
Eval objective function on 12 initial parameters.
#calls (max:  100)        time spent (max: 180)     [current  obj]     (current best) 
         1                        0.8               [-7.89106e+01]    (-7.89106e+01)

 ---- Best value -78.9106 found with
        az_ref_u0 = 180

Falsified with obj = -78.9106
Eval objective function on 12 initial parameters.
#calls (max:  100)        time spent (max: 180)     [current  obj]     (current best) 
         1                        0.8               [-3.47823e+01]    (-3.47823e+01)

 ---- Best value -34.7823 found with
        az_ref_u0 = 180

Falsified with obj = -34.7823
Eval objective function on 12 initial parameters.
#calls (max:  100)        time spent (max: 180)     [current  obj]     (current best) 
         1                        0.8               [-1.18051e+02]    (-1.18051e+02)

 ---- Best value -118.051 found with
        az_ref_u0 = 180

Falsified with obj = -118.051
****************************************
****************************************
****************************************
****************************************
pval is :
    0.0006    2.7718

phi_settle
Eval objective function on 12 initial parameters.
#calls (max:  100)        time spent (max: 180)     [current  obj]     (current best) 
         1                        0.7               [-2.24815e-03]    (-2.24815e-03)

 ---- Best value -0.00224815 found with
        az_ref_u0 = 180

Falsified with obj = -0.00224815
phi_rise
Eval objective function on 12 initial parameters.
#calls (max:  100)        time spent (max: 180)     [current  obj]     (current best) 
        10                        4.6               [+2.39277e+01]    (+2.30161e+01)

Starting local optimization using Nelder-Mead algorithm
#calls (max:  100)        time spent (max: 180)     [current  obj]     (current best) 
        20                        7.0               [+2.30161e+01]    (+2.30161e+01)
        30                        8.8               [+2.30161e+01]    (+2.30161e+01)
        40                       10.6               [+2.30161e+01]    (+2.30161e+01)
        50                       13.8               [+2.30161e+01]    (+2.30161e+01)
        60                       17.4               [+2.30161e+01]    (+2.30161e+01)
        70                       20.7               [+2.30161e+01]    (+2.30161e+01)
        80                       23.9               [+2.31347e+01]    (+2.30161e+01)
        90                       27.4               [+2.30163e+01]    (+2.30161e+01)
       100                       30.7               [+2.30161e+01]    (+2.30161e+01)

 ---- Best value 23.0161 found with
        az_ref_u0 = 180

No falsifying trace found.
phi_conv
Eval objective function on 12 initial parameters.
#calls (max:  100)        time spent (max: 180)     [current  obj]     (current best) 
         2                        1.9               [-5.87440e-01]    (-5.87440e-01)

 ---- Best value -0.58744 found with
        az_ref_u0 = 200

Falsified with obj = -0.58744
phi_spike
Eval objective function on 12 initial parameters.
#calls (max:  100)        time spent (max: 180)     [current  obj]     (current best) 
         1                        0.8               [-1.18051e+02]    (-1.18051e+02)

 ---- Best value -118.051 found with
        az_ref_u0 = 180

Falsified with obj = -118.051
max+spec_count 
     2

maximum weight is 
     3

****************************************
****************************************
****************************************
****************************************
Eval objective function on 12 initial parameters.
#calls (max:  100)        time spent (max: 180)     [current  obj]     (current best) 
         1                        0.8               [-1.18051e+02]    (-1.18051e+02)

 ---- Best value -118.051 found with
        az_ref_u0 = 180

Falsified with obj = -118.051
join: BrFalse_Robust_all.csv:164: is not sorted: 17.91,0.038475
join: BrFalse.csv:1001: is not sorted: 10,0.17876,0.10679
     1     2

*******************************************
 index chosen is 1
*******************************************
------------------ITERATION
    19

----------------------------
Eval objective function on 12 initial parameters.
#calls (max:  100)        time spent (max: 180)     [current  obj]     (current best) 
         1                        0.9               [-6.77138e+01]    (-6.77138e+01)

 ---- Best value -67.7138 found with
        az_ref_u0 = 180

Falsified with obj = -67.7138
Eval objective function on 12 initial parameters.
#calls (max:  100)        time spent (max: 180)     [current  obj]     (current best) 
         1                        0.8               [-4.42237e+02]    (-4.42237e+02)

 ---- Best value -442.237 found with
        az_ref_u0 = 180

Falsified with obj = -442.237
Eval objective function on 12 initial parameters.
#calls (max:  100)        time spent (max: 180)     [current  obj]     (current best) 
         1                        0.8               [-1.20318e+02]    (-1.20318e+02)

 ---- Best value -120.318 found with
        az_ref_u0 = 180

Falsified with obj = -120.318
****************************************
****************************************
****************************************
****************************************
pval is :
    0.0001    2.7718

phi_settle
Eval objective function on 12 initial parameters.
#calls (max:  100)        time spent (max: 180)     [current  obj]     (current best) 
         1                        0.9               [-1.49847e+00]    (-1.49847e+00)

 ---- Best value -1.49847 found with
        az_ref_u0 = 180

Falsified with obj = -1.49847
phi_rise
Eval objective function on 12 initial parameters.
#calls (max:  100)        time spent (max: 180)     [current  obj]     (current best) 
         1                        1.2               [-1.20318e+02]    (-1.20318e+02)

 ---- Best value -120.318 found with
        az_ref_u0 = 180

Falsified with obj = -120.318
phi_conv
Eval objective function on 12 initial parameters.
#calls (max:  100)        time spent (max: 180)     [current  obj]     (current best) 
         1                        0.8               [-2.92636e-01]    (-2.92636e-01)

 ---- Best value -0.292636 found with
        az_ref_u0 = 180

Falsified with obj = -0.292636
phi_spike
Eval objective function on 12 initial parameters.
#calls (max:  100)        time spent (max: 180)     [current  obj]     (current best) 
         1                        1.5               [-4.24246e-02]    (-4.24246e-02)

 ---- Best value -0.0424246 found with
        az_ref_u0 = 180

Falsified with obj = -0.0424246
max+spec_count 
     2

maximum weight is 
     3

****************************************
****************************************
****************************************
****************************************
Eval objective function on 12 initial parameters.
#calls (max:  100)        time spent (max: 180)     [current  obj]     (current best) 
         1                        0.8               [-1.20318e+02]    (-1.20318e+02)

 ---- Best value -120.318 found with
        az_ref_u0 = 180

Falsified with obj = -120.318
join: BrFalse.csv:1001: is not sorted: 10,0.17856,0.099122
     1     2

*******************************************
 index chosen is 1
*******************************************
------------------ITERATION
    21

----------------------------
Eval objective function on 12 initial parameters.
#calls (max:  100)        time spent (max: 180)     [current  obj]     (current best) 
         1                        1.5               [-1.47360e+02]    (-1.47360e+02)

 ---- Best value -147.36 found with
        az_ref_u0 = 180

Falsified with obj = -147.36
Eval objective function on 12 initial parameters.
#calls (max:  100)        time spent (max: 180)     [current  obj]     (current best) 
         1                        0.8               [-9.34779e+01]    (-9.34779e+01)

 ---- Best value -93.4779 found with
        az_ref_u0 = 180

Falsified with obj = -93.4779
Eval objective function on 12 initial parameters.
#calls (max:  100)        time spent (max: 180)     [current  obj]     (current best) 
         1                        0.8               [-5.49872e+01]    (-5.49872e+01)

 ---- Best value -54.9872 found with
        az_ref_u0 = 180

Falsified with obj = -54.9872
Eval objective function on 12 initial parameters.
#calls (max:  100)        time spent (max: 180)     [current  obj]     (current best) 
         1                        0.8               [-5.73948e+01]    (-5.73948e+01)

 ---- Best value -57.3948 found with
        az_ref_u0 = 180

Falsified with obj = -57.3948
****************************************
****************************************
****************************************
****************************************
pval is :
    0.0005    2.7718

phi_settle
Eval objective function on 12 initial parameters.
#calls (max:  100)        time spent (max: 180)     [current  obj]     (current best) 
        10                        4.5               [+1.85808e-02]    (+5.00253e-03)

Starting local optimization using Nelder-Mead algorithm
#calls (max:  100)        time spent (max: 180)     [current  obj]     (current best) 
        20                        7.7               [+5.09792e-03]    (+4.84696e-03)
        30                       10.7               [+4.79963e-03]    (+4.79240e-03)
        40                       13.5               [+4.78413e-03]    (+4.78320e-03)
        50                       16.8               [+4.78303e-03]    (+4.78297e-03)
        60                       19.7               [+4.81725e-03]    (+4.78290e-03)
        70                       22.3               [+4.78290e-03]    (+4.78290e-03)
        80                       25.0               [+4.78290e-03]    (+4.78290e-03)
        90                       27.6               [+4.81726e-03]    (+4.78290e-03)
       100                       30.8               [+4.81726e-03]    (+4.78290e-03)

 ---- Best value 0.0047829 found with
        az_ref_u0 = 199.99

No falsifying trace found.
phi_rise
Eval objective function on 12 initial parameters.
#calls (max:  100)        time spent (max: 180)     [current  obj]     (current best) 
         1                        0.8               [-2.91143e+00]    (-2.91143e+00)

 ---- Best value -2.91143 found with
        az_ref_u0 = 180

Falsified with obj = -2.91143
phi_conv
Eval objective function on 12 initial parameters.
#calls (max:  100)        time spent (max: 180)     [current  obj]     (current best) 
         2                        1.8               [-8.90497e-01]    (-8.90497e-01)

 ---- Best value -0.890497 found with
        az_ref_u0 = 200

Falsified with obj = -0.890497
phi_spike
Eval objective function on 12 initial parameters.
#calls (max:  100)        time spent (max: 180)     [current  obj]     (current best) 
         1                        0.9               [-5.73948e+01]    (-5.73948e+01)

 ---- Best value -57.3948 found with
        az_ref_u0 = 180

Falsified with obj = -57.3948
max+spec_count 
     2

maximum weight is 
     3

****************************************
****************************************
****************************************
****************************************
Eval objective function on 12 initial parameters.
#calls (max:  100)        time spent (max: 180)     [current  obj]     (current best) 
         1                        0.8               [-5.73948e+01]    (-5.73948e+01)

 ---- Best value -57.3948 found with
        az_ref_u0 = 180

Falsified with obj = -57.3948
join: BrFalse.csv:1001: is not sorted: 10,0.17873,0.10624
join: BrFalse_Robust_all.csv:921: is not sorted: 10,9.5375
{Operation terminated by user during <a href="matlab:matlab.internal.language.introspective.errorDocCallback('find_parameter', '/home/nikhil/home/CSyn/src/find_parameter.m', 227)" style="font-weight:bold">find_parameter</a> (<a href="matlab: opentoline('/home/nikhil/home/CSyn/src/find_parameter.m',227,0)">line 227</a>)


In <a href="matlab:matlab.internal.language.introspective.errorDocCallback('main_script', '/home/nikhil/home/CSyn/main_script.m', 367)" style="font-weight:bold">main_script</a> (<a href="matlab: opentoline('/home/nikhil/home/CSyn/main_script.m',367,0)">line 367</a>)
     id=find_parameter(modelno,specno);
} 
init_values('scdairframectrl',14)

ans =

    0.0003    2.7718

init_airframe('scdairframectrl',3,1);
Eval objective function on 12 initial parameters.
#calls (max:  100)        time spent (max: 180)     [current  obj]     (current best) 
         2                        1.9               [-2.05126e+00]    (-2.05126e+00)

 ---- Best value -2.05126 found with
        az_ref_u0 = 200

Falsified with obj = -2.05126
init_airframe('scdairframectrl',3,1);
Eval objective function on 12 initial parameters.
#calls (max:  100)        time spent (max: 180)     [current  obj]     (current best) 
         2                        1.9               [-1.55126e+00]    (-1.55126e+00)

 ---- Best value -1.55126 found with
        az_ref_u0 = 200

Falsified with obj = -1.55126
init_airframe('scdairframectrl',3,1);
Eval objective function on 12 initial parameters.
#calls (max:  100)        time spent (max: 180)     [current  obj]     (current best) 
         2                        1.9               [-1.55126e+00]    (-1.55126e+00)

 ---- Best value -1.55126 found with
        az_ref_u0 = 200

Falsified with obj = -1.55126
init_airframe('scdairframectrl',3,1);
Eval objective function on 12 initial parameters.
#calls (max:  100)        time spent (max: 180)     [current  obj]     (current best) 
         2                        1.9               [-5.51264e-01]    (-5.51264e-01)

 ---- Best value -0.551264 found with
        az_ref_u0 = 200

Falsified with obj = -0.551264
init_airframe('scdairframectrl',3,1);
Eval objective function on 12 initial parameters.
#calls (max:  100)        time spent (max: 180)     [current  obj]     (current best) 
        10                        4.4               [+2.90687e+00]    (+1.44874e+00)

Starting local optimization using Nelder-Mead algorithm
#calls (max:  100)        time spent (max: 180)     [current  obj]     (current best) 
        20                        6.8               [+1.44878e+00]    (+1.44874e+00)
        30                        8.7               [+1.44874e+00]    (+1.44874e+00)
        40                       10.5               [+1.44874e+00]    (+1.44874e+00)
        50                       13.3               [+1.59315e+00]    (+1.44874e+00)
        60                       16.7               [+1.44874e+00]    (+1.44874e+00)
        70                       19.9               [+1.44874e+00]    (+1.44874e+00)
        80                       23.3               [+1.44874e+00]    (+1.44874e+00)
        90                       26.6               [+1.98074e+00]    (+1.44874e+00)
       100                       30.0               [+1.44876e+00]    (+1.44874e+00)

 ---- Best value 1.44874 found with
        az_ref_u0 = 200

No falsifying trace found.
init_airframe('scdairframectrl',3,1);
Eval objective function on 12 initial parameters.
#calls (max:  100)        time spent (max: 180)     [current  obj]     (current best) 
        10                        4.4               [+2.90687e+00]    (+1.44874e+00)

Starting local optimization using Nelder-Mead algorithm
#calls (max:  100)        time spent (max: 180)     [current  obj]     (current best) 
        20                        6.8               [+1.44878e+00]    (+1.44874e+00)
        30                        8.8               [+1.44874e+00]    (+1.44874e+00)
        40                       10.5               [+1.44874e+00]    (+1.44874e+00)
        50                       13.2               [+1.59315e+00]    (+1.44874e+00)
        60                       16.4               [+1.44874e+00]    (+1.44874e+00)
        70                       19.8               [+1.44874e+00]    (+1.44874e+00)
        80                       23.2               [+1.44874e+00]    (+1.44874e+00)
        90                       26.7               [+1.98074e+00]    (+1.44874e+00)
       100                       30.2               [+1.44876e+00]    (+1.44874e+00)

 ---- Best value 1.44874 found with
        az_ref_u0 = 200

No falsifying trace found.
init_airframe('scdairframectrl',3,1);
Eval objective function on 12 initial parameters.
#calls (max:  100)        time spent (max: 180)     [current  obj]     (current best) 
        10                        4.4               [+2.90687e+00]    (+1.44874e+00)

Starting local optimization using Nelder-Mead algorithm
#calls (max:  100)        time spent (max: 180)     [current  obj]     (current best) 
        20                        6.8               [+1.44878e+00]    (+1.44874e+00)
        30                        8.7               [+1.44874e+00]    (+1.44874e+00)
        40                       10.7               [+1.44874e+00]    (+1.44874e+00)
        50                       13.5               [+1.59315e+00]    (+1.44874e+00)
        60                       16.8               [+1.44874e+00]    (+1.44874e+00)
        70                       20.0               [+1.44874e+00]    (+1.44874e+00)
        80                       23.4               [+1.44874e+00]    (+1.44874e+00)
        90                       27.0               [+1.98074e+00]    (+1.44874e+00)
       100                       30.3               [+1.44876e+00]    (+1.44874e+00)

 ---- Best value 1.44874 found with
        az_ref_u0 = 200

No falsifying trace found.
init_airframe('scdairframectrl',3,1);
Eval objective function on 12 initial parameters.
#calls (max:  100)        time spent (max: 180)     [current  obj]     (current best) 
        10                        4.4               [+1.90687e+00]    (+4.48736e-01)

Starting local optimization using Nelder-Mead algorithm
#calls (max:  100)        time spent (max: 180)     [current  obj]     (current best) 
        20                        6.9               [+4.48778e-01]    (+4.48736e-01)
        30                        8.7               [+4.48736e-01]    (+4.48736e-01)
        40                       10.7               [+4.48736e-01]    (+4.48736e-01)
        50                       12.8               [+8.90766e-01]    (+4.48736e-01)
        60                       16.2               [+4.54050e-01]    (+4.48736e-01)
        70                       19.5               [+4.48737e-01]    (+4.48736e-01)
        80                       23.7               [+4.48736e-01]    (+4.48736e-01)
        90                       27.7               [+4.48736e-01]    (+4.48736e-01)
       100                       31.2               [+7.52306e-01]    (+4.48736e-01)

 ---- Best value 0.448736 found with
        az_ref_u0 = 200

No falsifying trace found.
init_airframe('scdairframectrl',3,1);
Eval objective function on 12 initial parameters.
#calls (max:  100)        time spent (max: 180)     [current  obj]     (current best) 
         2                        1.8               [-5.12638e-02]    (-5.12638e-02)

 ---- Best value -0.0512638 found with
        az_ref_u0 = 200

Falsified with obj = -0.0512638
init_airframe('scdairframectrl',3,1);
Eval objective function on 12 initial parameters.
#calls (max:  100)        time spent (max: 180)     [current  obj]     (current best) 
         2                        1.9               [-5.12638e-02]    (-5.12638e-02)

 ---- Best value -0.0512638 found with
        az_ref_u0 = 200

Falsified with obj = -0.0512638
init_airframe('scdairframectrl',3,1);
Eval objective function on 12 initial parameters.
#calls (max:  100)        time spent (max: 180)     [current  obj]     (current best) 
         2                        1.9               [-5.12638e-02]    (-5.12638e-02)

 ---- Best value -0.0512638 found with
        az_ref_u0 = 200

Falsified with obj = -0.0512638
main_script
Initializing Breach from folder /home/nikhil/home/CSyn/breach...
********* SELECT MODEL ******************
select 1 for Quadcopter-SISO
select 2 for Cruise Control
select 3 for Aircraft Pitch
select 4 for Inverted Pendulum
select 5 for DC Motor
select 6 for AutoPilot for Pass Jet
select 7 for Quadcopter-MIMO
select 9 for Robot Arm
select 11 for DPC
select 14 for Airframe
select 15 for Heatex
***************************************
enter the model number14
 
********* SELECT SPECIFICATION ************
select 1 for settling time
select 2 for rise time
select 3 for convergence
select 4 for overshoot
select 5 for smoothness
select 6 for Conjunct of all specs
*******************************************
enter the specification number3
---------------------------------------
selected model is : 14
---------------------------------------
--------------------------------------
selected specification is phi : 3
---------------------------------------
Eval objective function on 12 initial parameters.
#calls (max:  100)        time spent (max: 180)     [current  obj]     (current best) 
         2                        2.6               [-5.12638e-02]    (-5.12638e-02)

 ---- Best value -0.0512638 found with
        az_ref_u0 = 200

Falsified with obj = -0.0512638
Eval objective function on 12 initial parameters.
#calls (max:  100)        time spent (max: 180)     [current  obj]     (current best) 
         2                        1.9               [-5.12638e-02]    (-5.12638e-02)

 ---- Best value -0.0512638 found with
        az_ref_u0 = 200

Falsified with obj = -0.0512638
     1     2

#############################
 tuning 
     1

#############################
